2023-02-28 12:14:12,383 - Initializing Velocity, Calling init()...
2023-02-28 12:14:12,383 - Starting Apache Velocity v1.7 (compiled: 2010-11-19 12:14:37)
2023-02-28 12:14:12,383 - Default Properties File: org\apache\velocity\runtime\defaults\velocity.properties
2023-02-28 12:14:12,383 - Trying to use logger class org.apache.velocity.runtime.log.AvalonLogChute
2023-02-28 12:14:12,383 - Target log system for org.apache.velocity.runtime.log.AvalonLogChute is not available (java.lang.NoClassDefFoundError: org/apache/log/format/Formatter).  Falling back to next log system...
2023-02-28 12:14:12,383 - Trying to use logger class org.apache.velocity.runtime.log.Log4JLogChute
2023-02-28 12:14:12,383 - Using logger class org.apache.velocity.runtime.log.Log4JLogChute
2023-02-28 12:14:12,384 - ResourceLoader instantiated: org.apache.velocity.runtime.resource.loader.ClasspathResourceLoader
2023-02-28 12:14:12,390 - ResourceCache: initialized (class org.apache.velocity.runtime.resource.ResourceCacheImpl) with class java.util.Collections$SynchronizedMap cache map.
2023-02-28 12:14:12,391 - Loaded System Directive: org.apache.velocity.runtime.directive.Stop
2023-02-28 12:14:12,391 - Loaded System Directive: org.apache.velocity.runtime.directive.Define
2023-02-28 12:14:12,392 - Loaded System Directive: org.apache.velocity.runtime.directive.Break
2023-02-28 12:14:12,392 - Loaded System Directive: org.apache.velocity.runtime.directive.Evaluate
2023-02-28 12:14:12,392 - Loaded System Directive: org.apache.velocity.runtime.directive.Literal
2023-02-28 12:14:12,393 - Loaded System Directive: org.apache.velocity.runtime.directive.Macro
2023-02-28 12:14:12,393 - Loaded System Directive: org.apache.velocity.runtime.directive.Parse
2023-02-28 12:14:12,394 - Loaded System Directive: org.apache.velocity.runtime.directive.Include
2023-02-28 12:14:12,394 - Loaded System Directive: org.apache.velocity.runtime.directive.Foreach
2023-02-28 12:14:12,410 - Created '20' parsers.
2023-02-28 12:14:12,412 - Velocimacro : "velocimacro.library" is not set.  Trying default library: VM_global_library.vm
2023-02-28 12:14:12,412 - Could not load resource 'VM_global_library.vm' from ResourceLoader org.apache.velocity.runtime.resource.loader.ClasspathResourceLoader: ClasspathResourceLoader Error: cannot find resource VM_global_library.vm
2023-02-28 12:14:12,412 - Velocimacro : Default library not found.
2023-02-28 12:14:12,412 - Velocimacro : allowInline = true : VMs can be defined inline in templates
2023-02-28 12:14:12,412 - Velocimacro : allowInlineToOverride = false : VMs defined inline may NOT replace previous VM definitions
2023-02-28 12:14:12,412 - Velocimacro : allowInlineLocal = false : VMs defined inline will be global in scope if allowed.
2023-02-28 12:14:12,412 - Velocimacro : autoload off : VM system will not automatically reload global library macros
2023-02-28 12:14:12,467 - ResourceManager : found templates/generators/errorpage.vm with loader org.apache.velocity.runtime.resource.loader.ClasspathResourceLoader
2023-02-28 12:14:12,469 - ResourceManager : found /templates/headers.vm with loader org.apache.velocity.runtime.resource.loader.ClasspathResourceLoader
2023-02-28 12:14:12,469 - ResourceManager : found /templates/head.vm with loader org.apache.velocity.runtime.resource.loader.ClasspathResourceLoader
2023-02-28 12:14:12,470 - Velocimacro : added VM stringArray: source=/templates/macros/array.js.vm
2023-02-28 12:14:12,470 - Velocimacro : added VM numberArray: source=/templates/macros/array.js.vm
2023-02-28 12:14:12,470 - ResourceManager : found /templates/macros/array.js.vm with loader org.apache.velocity.runtime.resource.loader.ClasspathResourceLoader
2023-02-28 12:14:12,471 - Velocimacro : added VM includeBuildInfo: source=/templates/macros/page/buildinfo.vm
2023-02-28 12:14:12,471 - ResourceManager : found /templates/macros/page/buildinfo.vm with loader org.apache.velocity.runtime.resource.loader.ClasspathResourceLoader
2023-02-28 12:14:12,472 - Velocimacro : added VM includeClassifications: source=/templates/macros/page/classifications.vm
2023-02-28 12:14:12,472 - ResourceManager : found /templates/macros/page/classifications.vm with loader org.apache.velocity.runtime.resource.loader.ClasspathResourceLoader
2023-02-28 12:14:12,473 - Velocimacro : added VM includeLead: source=/templates/macros/page/lead.vm
2023-02-28 12:14:12,473 - ResourceManager : found /templates/macros/page/lead.vm with loader org.apache.velocity.runtime.resource.loader.ClasspathResourceLoader
2023-02-28 12:14:12,474 - Velocimacro : added VM includeNavigation: source=/templates/macros/page/navigation.vm
2023-02-28 12:14:12,474 - ResourceManager : found /templates/macros/page/navigation.vm with loader org.apache.velocity.runtime.resource.loader.ClasspathResourceLoader
2023-02-28 12:14:12,476 - Velocimacro : added VM includeReportInfo: source=/templates/macros/page/reportInfo.vm
2023-02-28 12:14:12,476 - ResourceManager : found /templates/macros/page/reportInfo.vm with loader org.apache.velocity.runtime.resource.loader.ClasspathResourceLoader
2023-02-28 12:14:12,476 - Velocimacro : added VM includeTitle: source=/templates/macros/page/title.vm
2023-02-28 12:14:12,476 - ResourceManager : found /templates/macros/page/title.vm with loader org.apache.velocity.runtime.resource.loader.ClasspathResourceLoader
2023-02-28 12:14:12,476 - Velocimacro : added VM includeExpandingButtons: source=/templates/macros/report/expandAllButtons.vm
2023-02-28 12:14:12,477 - ResourceManager : found /templates/macros/report/expandAllButtons.vm with loader org.apache.velocity.runtime.resource.loader.ClasspathResourceLoader
2023-02-28 12:14:12,478 - Velocimacro : added VM includeReportTable: source=/templates/macros/report/reportTable.vm
2023-02-28 12:14:12,478 - ResourceManager : found /templates/macros/report/reportTable.vm with loader org.apache.velocity.runtime.resource.loader.ClasspathResourceLoader
2023-02-28 12:14:12,478 - Velocimacro : added VM includeReportHeader: source=/templates/macros/report/reportHeader.vm
2023-02-28 12:14:12,478 - ResourceManager : found /templates/macros/report/reportHeader.vm with loader org.apache.velocity.runtime.resource.loader.ClasspathResourceLoader
2023-02-28 12:14:12,481 - Velocimacro : added VM includeStatsTable: source=/templates/macros/report/statsTable.vm
2023-02-28 12:14:12,481 - ResourceManager : found /templates/macros/report/statsTable.vm with loader org.apache.velocity.runtime.resource.loader.ClasspathResourceLoader
2023-02-28 12:14:12,481 - Velocimacro : added VM includeBrief: source=/templates/macros/json/brief.vm
2023-02-28 12:14:12,481 - ResourceManager : found /templates/macros/json/brief.vm with loader org.apache.velocity.runtime.resource.loader.ClasspathResourceLoader
2023-02-28 12:14:12,481 - Velocimacro : added VM includeDocString: source=/templates/macros/json/docstring.vm
2023-02-28 12:14:12,481 - ResourceManager : found /templates/macros/json/docstring.vm with loader org.apache.velocity.runtime.resource.loader.ClasspathResourceLoader
2023-02-28 12:14:12,482 - Velocimacro : added VM includeDuration: source=/templates/macros/json/duration.vm
2023-02-28 12:14:12,482 - ResourceManager : found /templates/macros/json/duration.vm with loader org.apache.velocity.runtime.resource.loader.ClasspathResourceLoader
2023-02-28 12:14:12,483 - Velocimacro : added VM includeElement: source=/templates/macros/json/element.vm
2023-02-28 12:14:12,483 - ResourceManager : found /templates/macros/json/element.vm with loader org.apache.velocity.runtime.resource.loader.ClasspathResourceLoader
2023-02-28 12:14:12,486 - Velocimacro : added VM includeEmbeddings: source=/templates/macros/json/embeddings.vm
2023-02-28 12:14:12,486 - Velocimacro : added VM includeHtmlEmbedding: source=/templates/macros/json/embeddings.vm
2023-02-28 12:14:12,487 - Velocimacro : added VM includeVideoEmbedding: source=/templates/macros/json/embeddings.vm
2023-02-28 12:14:12,487 - Velocimacro : added VM includeImageEmbedding: source=/templates/macros/json/embeddings.vm
2023-02-28 12:14:12,487 - Velocimacro : added VM includeImageReferenceEmbedding: source=/templates/macros/json/embeddings.vm
2023-02-28 12:14:12,487 - Velocimacro : added VM includeTextEmbedding: source=/templates/macros/json/embeddings.vm
2023-02-28 12:14:12,487 - Velocimacro : added VM includeUnknownEmbedding: source=/templates/macros/json/embeddings.vm
2023-02-28 12:14:12,487 - ResourceManager : found /templates/macros/json/embeddings.vm with loader org.apache.velocity.runtime.resource.loader.ClasspathResourceLoader
2023-02-28 12:14:12,488 - Velocimacro : added VM includeHooks: source=/templates/macros/json/hooks.vm
2023-02-28 12:14:12,488 - ResourceManager : found /templates/macros/json/hooks.vm with loader org.apache.velocity.runtime.resource.loader.ClasspathResourceLoader
2023-02-28 12:14:12,489 - Velocimacro : added VM includeOutput: source=/templates/macros/json/output.vm
2023-02-28 12:14:12,489 - ResourceManager : found /templates/macros/json/output.vm with loader org.apache.velocity.runtime.resource.loader.ClasspathResourceLoader
2023-02-28 12:14:12,489 - Velocimacro : added VM includeMessage: source=/templates/macros/json/message.vm
2023-02-28 12:14:12,489 - ResourceManager : found /templates/macros/json/message.vm with loader org.apache.velocity.runtime.resource.loader.ClasspathResourceLoader
2023-02-28 12:14:12,490 - Velocimacro : added VM includeSteps: source=/templates/macros/json/steps.vm
2023-02-28 12:14:12,490 - ResourceManager : found /templates/macros/json/steps.vm with loader org.apache.velocity.runtime.resource.loader.ClasspathResourceLoader
2023-02-28 12:14:12,490 - Velocimacro : added VM includeStepName: source=/templates/macros/json/stepName.vm
2023-02-28 12:14:12,490 - ResourceManager : found /templates/macros/json/stepName.vm with loader org.apache.velocity.runtime.resource.loader.ClasspathResourceLoader
2023-02-28 12:14:12,491 - Velocimacro : added VM includeTags: source=/templates/macros/json/tags.vm
2023-02-28 12:14:12,491 - ResourceManager : found /templates/macros/json/tags.vm with loader org.apache.velocity.runtime.resource.loader.ClasspathResourceLoader
2023-02-28 12:14:12,496 - VM #includeNavigation: too few arguments to macro. Wanted 1 got 0
2023-02-28 12:14:12,497 - Left side ($active_tab) of '==' operation has null value. If it is a reference, it may not be in the context or its toString() returned null. /templates/macros/page/navigation.vm[line 14, column 51]
2023-02-28 12:14:12,497 - Left side ($active_tab) of '==' operation has null value. If it is a reference, it may not be in the context or its toString() returned null. /templates/macros/page/navigation.vm[line 15, column 51]
2023-02-28 12:14:12,497 - Left side ($active_tab) of '==' operation has null value. If it is a reference, it may not be in the context or its toString() returned null. /templates/macros/page/navigation.vm[line 16, column 51]
2023-02-28 12:14:12,497 - Left side ($active_tab) of '==' operation has null value. If it is a reference, it may not be in the context or its toString() returned null. /templates/macros/page/navigation.vm[line 20, column 51]
2023-02-28 12:14:12,507 - ResourceManager : found /templates/footer.vm with loader org.apache.velocity.runtime.resource.loader.ClasspathResourceLoader
